2010-06-30 17:33:47.783:INFO::jetty-8.0.0.M0
2010-06-30 17:33:47.796:INFO::ContextProvider.doStart()
2010-06-30 17:33:47.797:INFO::Deployment monitor /Users/niko/workspaces/Lathos/Lathos-Java/jetty-distribution-8.0.0.M0/contexts at intervale 5
2010-06-30 17:33:47.800:INFO::Deployable added: /Users/niko/workspaces/Lathos/Lathos-Java/jetty-distribution-8.0.0.M0/contexts/demo.xml
2010-06-30 17:33:47.843:INFO::Deployable added: /Users/niko/workspaces/Lathos/Lathos-Java/jetty-distribution-8.0.0.M0/contexts/test.xml
2010-06-30 17:33:47.876:INFO::Extract jar:file:/Users/niko/workspaces/Lathos/Lathos-Java/jetty-distribution-8.0.0.M0/webapps/test.war!/ to /private/tmp/Jetty_0_0_0_0_8080_test.war____.hcx133/webapp
2010-06-30 17:33:48.065:INFO::NO JSP Support for /, did not find org.apache.jasper.servlet.JspServlet
2010-06-30 17:33:48.100:INFO::Logging to StdErrLog::DEBUG=false via org.eclipse.jetty.util.log.StdErrLog
2010-06-30 17:33:48.967:INFO:/:Managing org.eclipse.jetty.servlets.ProxyServlet.Logger
2010-06-30 17:33:48.967:INFO:/:Managing org.eclipse.jetty.servlets.ProxyServlet.ThreadPool
2010-06-30 17:33:48.967:INFO:/:Managing org.eclipse.jetty.servlets.ProxyServlet.HttpClient
2010-06-30 17:33:48.968:INFO:org.eclipse.jetty.servlets.ProxyServlet:ProxyServlet @ /google to http://www.google.com
2010-06-30 17:33:48.968:INFO::Deployable added: /Users/niko/workspaces/Lathos/Lathos-Java/jetty-distribution-8.0.0.M0/contexts/javadoc.xml
2010-06-30 17:33:48.983:INFO::WebAppProvider.doStart()
2010-06-30 17:33:48.983:INFO::Deployment monitor /Users/niko/workspaces/Lathos/Lathos-Java/jetty-distribution-8.0.0.M0/webapps at intervale 5
2010-06-30 17:33:48.985:INFO::Deployable added: /Users/niko/workspaces/Lathos/Lathos-Java/jetty-distribution-8.0.0.M0/webapps/lathos
2010-06-30 17:33:49.051:INFO::NO JSP Support for /lathos, did not find org.apache.jasper.servlet.JspServlet
2010-06-30 17:33:49.070:INFO::Opened /Users/niko/workspaces/Lathos/Lathos-Java/jetty-distribution-8.0.0.M0/logs/2010_06_30.request.log
2010-06-30 17:33:49.098:INFO::Started SelectChannelConnector@0.0.0.0:8080
2010-06-30 17:34:39.080:INFO::Deployable removed: App[WebAppContext@338e18a3@338e18a3/lathos,file:/Users/niko/workspaces/Lathos/Lathos-Java/jetty-distribution-8.0.0.M0/webapps/lathos/,/Users/niko/workspaces/Lathos/Lathos-Java/jetty-distribution-8.0.0.M0/webapps/lathos,/Users/niko/workspaces/Lathos/Lathos-Java/jetty-distribution-8.0.0.M0/webapps/lathos]
2010-06-30 17:34:39.080:INFO::Deployable added: /Users/niko/workspaces/Lathos/Lathos-Java/jetty-distribution-8.0.0.M0/webapps/lathos
2010-06-30 17:34:39.112:INFO::NO JSP Support for /lathos, did not find org.apache.jasper.servlet.JspServlet
2010-06-30 17:54:50.450:INFO::Graceful shutdown SelectChannelConnector@0.0.0.0:8080
2010-06-30 17:54:50.481:INFO::Graceful shutdown MovedContextHandler@40b86944@40b86944/demo,null
2010-06-30 17:54:50.481:INFO::Graceful shutdown WebAppContext@b07108e@b07108e/,file:/private/tmp/Jetty_0_0_0_0_8080_test.war____.hcx133/webapp/,/Users/niko/workspaces/Lathos/Lathos-Java/jetty-distribution-8.0.0.M0/webapps/test.war
2010-06-30 17:54:50.481:INFO::Graceful shutdown ContextHandler@7ccfe049@7ccfe049/javadoc,file:/Users/niko/workspaces/Lathos/Lathos-Java/jetty-distribution-8.0.0.M0/javadoc/
2010-06-30 17:54:50.481:INFO::Graceful shutdown WebAppContext@4c538974@4c538974/lathos,file:/Users/niko/workspaces/Lathos/Lathos-Java/jetty-distribution-8.0.0.M0/webapps/lathos/,/Users/niko/workspaces/Lathos/Lathos-Java/jetty-distribution-8.0.0.M0/webapps/lathos
